


ARM Macro Assembler    Page 1 


    1 00000000         ;/******************************************************
                       ********************//**
    2 00000000         ; * @file     startup_xmc32s003.s
    3 00000000         ; * @brief    CMSIS Core Device Startup File for
    4 00000000         ; *           ARMCM0plus Device Series
    5 00000000         ; * @version  V1.01
    6 00000000         ; * @date     23. November 2012
    7 00000000         ; *
    8 00000000         ; * @note
    9 00000000         ; *
   10 00000000         ; ******************************************************
                       ************************/
   11 00000000         ;/* Copyright (c) 2012 ARM LIMITED
   12 00000000         ;
   13 00000000         ;   All rights reserved.
   14 00000000         ;   Redistribution and use in source and binary forms, w
                       ith or without
   15 00000000         ;   modification, are permitted provided that the follow
                       ing conditions are met:
   16 00000000         ;   - Redistributions of source code must retain the abo
                       ve copyright
   17 00000000         ;     notice, this list of conditions and the following 
                       disclaimer.
   18 00000000         ;   - Redistributions in binary form must reproduce the 
                       above copyright
   19 00000000         ;     notice, this list of conditions and the following 
                       disclaimer in the
   20 00000000         ;     documentation and/or other materials provided with
                        the distribution.
   21 00000000         ;   - Neither the name of ARM nor the names of its contr
                       ibutors may be used
   22 00000000         ;     to endorse or promote products derived from this s
                       oftware without
   23 00000000         ;     specific prior written permission.
   24 00000000         ;   *
   25 00000000         ;   THIS SOFTWARE IS PROVIDED BY THE COPYRIGHT HOLDERS A
                       ND CONTRIBUTORS "AS IS"
   26 00000000         ;   AND ANY EXPRESS OR IMPLIED WARRANTIES, INCLUDING, BU
                       T NOT LIMITED TO, THE
   27 00000000         ;   IMPLIED WARRANTIES OF MERCHANTABILITY AND FITNESS FO
                       R A PARTICULAR PURPOSE
   28 00000000         ;   ARE DISCLAIMED. IN NO EVENT SHALL COPYRIGHT HOLDERS 
                       AND CONTRIBUTORS BE
   29 00000000         ;   LIABLE FOR ANY DIRECT, INDIRECT, INCIDENTAL, SPECIAL
                       , EXEMPLARY, OR
   30 00000000         ;   CONSEQUENTIAL DAMAGES (INCLUDING, BUT NOT LIMITED TO
                       , PROCUREMENT OF
   31 00000000         ;   SUBSTITUTE GOODS OR SERVICES; LOSS OF USE, DATA, OR 
                       PROFITS; OR BUSINESS
   32 00000000         ;   INTERRUPTION) HOWEVER CAUSED AND ON ANY THEORY OF LI
                       ABILITY, WHETHER IN
   33 00000000         ;   CONTRACT, STRICT LIABILITY, OR TORT (INCLUDING NEGLI
                       GENCE OR OTHERWISE)
   34 00000000         ;   ARISING IN ANY WAY OUT OF THE USE OF THIS SOFTWARE, 
                       EVEN IF ADVISED OF THE
   35 00000000         ;   POSSIBILITY OF SUCH DAMAGE.
   36 00000000         ;   ----------------------------------------------------
                       -----------------------*/
   37 00000000         ;/*



ARM Macro Assembler    Page 2 


   38 00000000         ;//-------- <<< Use Configuration Wizard in Context Menu
                        >>> ------------------
   39 00000000         ;*/
   40 00000000         
   41 00000000         
   42 00000000         ; <h> Stack Configuration
   43 00000000         ;   <o> Stack Size (in Bytes) <0x0-0xFFFFFFFF:8>
   44 00000000         ; </h>
   45 00000000         
   46 00000000 00000400 
                       Stack_Size
                               EQU              0x00000400
   47 00000000         
   48 00000000                 AREA             STACK, NOINIT, READWRITE, ALIGN
=3
   49 00000000         Stack_Mem
                               SPACE            Stack_Size
   50 00000400         __initial_sp
   51 00000400         
   52 00000400         
   53 00000400         ; <h> Heap Configuration
   54 00000400         ;   <o>  Heap Size (in Bytes) <0x0-0xFFFFFFFF:8>
   55 00000400         ; </h>
   56 00000400         
   57 00000400 00000400 
                       Heap_Size
                               EQU              0x00000400
   58 00000400         
   59 00000400                 AREA             HEAP, NOINIT, READWRITE, ALIGN=
3
   60 00000000         __heap_base
   61 00000000         Heap_Mem
                               SPACE            Heap_Size
   62 00000400         __heap_limit
   63 00000400         
   64 00000400         
   65 00000400                 PRESERVE8
   66 00000400                 THUMB
   67 00000400         
   68 00000400         
   69 00000400         ; Vector Table Mapped to Address 0 at Reset
   70 00000400         
   71 00000400                 AREA             RESET, DATA, READONLY
   72 00000000                 EXPORT           __Vectors
   73 00000000                 EXPORT           __Vectors_End
   74 00000000                 EXPORT           __Vectors_Size
   75 00000000         
   76 00000000 00000000 
                       __Vectors
                               DCD              __initial_sp ; Top of Stack
   77 00000004 00000000        DCD              Reset_Handler ; Reset Handler
   78 00000008 00000000        DCD              NMI_Handler ; NMI Handler
   79 0000000C 00000000        DCD              HardFault_Handler ; Hard Fault 
                                                            Handler
   80 00000010 00000000        DCD              0           ; Reserved
   81 00000014 00000000        DCD              0           ; Reserved
   82 00000018 00000000        DCD              0           ; Reserved
   83 0000001C 00000000        DCD              0           ; Reserved
   84 00000020 00000000        DCD              0           ; Reserved



ARM Macro Assembler    Page 3 


   85 00000024 00000000        DCD              0           ; Reserved
   86 00000028 00000000        DCD              0           ; Reserved
   87 0000002C 00000000        DCD              SVC_Handler ; SVCall Handler
   88 00000030 00000000        DCD              0           ; Reserved
   89 00000034 00000000        DCD              0           ; Reserved
   90 00000038 00000000        DCD              PendSV_Handler ; PendSV Handler
                                                            
   91 0000003C 00000000        DCD              SysTick_Handler 
                                                            ; SysTick Handler
   92 00000040         
   93 00000040         
   94 00000040         ; External Interrupts         
   95 00000040 00000000        DCD              GPIOA_IRQHandler ; GPIOA_IRQn  
                                                                    = 0,
   96 00000044 00000000        DCD              GPIOB_IRQHandler ; GPIOB_IRQn  
                                                                    = 1,
   97 00000048 00000000        DCD              GPIOC_IRQHandler ; GPIOC_IRQn  
                                                                    = 2,
   98 0000004C 00000000        DCD              GPIOD_IRQHandler ; GPIOD_IRQn  
                                                                    = 3,
   99 00000050 00000000        DCD              0           ; Reserved---------
                                                            ------4,
  100 00000054 00000000        DCD              0           ; Reserved---------
                                                            ------5,
  101 00000058 00000000        DCD              UART0_IRQHandler ; UART0_IRQn  
                                                                    = 6,
  102 0000005C 00000000        DCD              UART1_IRQHandler ; UART1_IRQn  
                                                                    = 7,
  103 00000060 00000000        DCD              LPUART_IRQHandler 
                                                            ; LPUART_IRQn=8,
  104 00000064 00000000        DCD              0           ; Reserved---------
                                                            ------9,
  105 00000068 00000000        DCD              SPI0COMB_IRQHandler ; SPI0COMB_
                                                            IRQn       = 10,
  106 0000006C 00000000        DCD              SPI_DUMMYCOMB_IRQHandler ; SPI_
                                                            DUMMYCOMB_IRQn  = 1
                                                            1,
  107 00000070 00000000        DCD              I2C0_IRQHandler ; I2C0_IRQn    
                                                                   = 12,
  108 00000074 00000000        DCD              I2C_DUMMY_IRQHandler ; I2C_DUMM
                                                            Y_IRQn      = 13,
  109 00000078 00000000        DCD              TIMER10_IRQHandler ; TIMER0_IRQ
                                                            n         = 14,
  110 0000007C 00000000        DCD              TIMER11_IRQHandler ; TIMER1_IRQ
                                                            n         = 15,
  111 00000080 00000000        DCD              LPTIMER_IRQHandler ; LPTIMER_IR
                                                            Qn        = 16,
  112 00000084 00000000        DCD              0           ; Reserved---------
                                                            ------17,
  113 00000088 00000000        DCD              PWM_IRQHandler ; PWM_IRQn      
                                                                  = 18,
  114 0000008C 00000000        DCD              ADVTIM_IRQHandler ; Reserved---
                                                            ------------19,
  115 00000090 00000000        DCD              0           ; Reserved---------
                                                            ------20,
  116 00000094 00000000        DCD              PCA_IRQHandler ; PCA_IRQn      
                                                                  = 21,
  117 00000098 00000000        DCD              WWDT_IRQHandler ; WWDT_IRQn    
                                                                   = 22,



ARM Macro Assembler    Page 4 


  118 0000009C 00000000        DCD              IWDT_IRQHandler ; IWDT_IRQn    
                                                                   = 23,
  119 000000A0 00000000        DCD              ADC0_IRQHandler ; ADC0_IRQn    
                                                                   = 24,
  120 000000A4 00000000        DCD              LVD_IRQHandler ; LVD_IRQn      
                                                                  = 25
  121 000000A8 00000000        DCD              VC_IRQHandler ;VC_IRQn         
                                                                 = 26,,
  122 000000AC 00000000        DCD              0           ; Reserved---------
                                                            ------27,
  123 000000B0 00000000        DCD              AWK_IRQHandler ; AWK_IRQn      
                                                                  = 28,
  124 000000B4 00000000        DCD              ONEWIRE_IRQHandler ; ONEWIRE_IR
                                                            Qn        = 29,
  125 000000B8 00000000        DCD              RTC_MATCH0_IRQHandler ; RTC_MAT
                                                            CH0_IRQn     = 30,
  126 000000BC 00000000        DCD              CLKTRIM_IRQHandler ; CLKTRIM_IR
                                                            Qn        = 31     
                                                             
  127 000000C0         __Vectors_End
  128 000000C0         
  129 000000C0 000000C0 
                       __Vectors_Size
                               EQU              __Vectors_End - __Vectors
  130 000000C0         
  131 000000C0                 AREA             |.text|, CODE, READONLY
  132 00000000         
  133 00000000         
  134 00000000         ; Reset Handler
  135 00000000         
  136 00000000         Reset_Handler
                               PROC
  137 00000000                 EXPORT           Reset_Handler             [WEAK
]
  138 00000000         ;IMPORT  SystemInit
  139 00000000                 IMPORT           __main
  140 00000000         ;LDR     R0, =SystemInit
  141 00000000         ;BLX     R0
  142 00000000 4806            LDR              R0, =__main
  143 00000002 4700            BX               R0
  144 00000004                 ENDP
  145 00000004         
  146 00000004         
  147 00000004         ; Dummy Exception Handlers (infinite loops which can be 
                       modified)
  148 00000004         
  149 00000004         NMI_Handler
                               PROC
  150 00000004                 EXPORT           NMI_Handler               [WEAK
]
  151 00000004 E7FE            B                .
  152 00000006                 ENDP
  154 00000006         HardFault_Handler
                               PROC
  155 00000006                 EXPORT           HardFault_Handler         [WEAK
]
  156 00000006 E7FE            B                .
  157 00000008                 ENDP
  158 00000008         SVC_Handler



ARM Macro Assembler    Page 5 


                               PROC
  159 00000008                 EXPORT           SVC_Handler               [WEAK
]
  160 00000008 E7FE            B                .
  161 0000000A                 ENDP
  162 0000000A         PendSV_Handler
                               PROC
  163 0000000A                 EXPORT           PendSV_Handler            [WEAK
]
  164 0000000A E7FE            B                .
  165 0000000C                 ENDP
  166 0000000C         SysTick_Handler
                               PROC
  167 0000000C                 EXPORT           SysTick_Handler           [WEAK
]
  168 0000000C E7FE            B                .
  169 0000000E                 ENDP
  170 0000000E         
  171 0000000E         Default_Handler
                               PROC
  172 0000000E         
  173 0000000E                 EXPORT           GPIOA_IRQHandler          [WEAK
] 
                                                            ; GPIOA_IRQn       
                                                               = 0,            
                                                                               
                                                                               
                                                               
  174 0000000E                 EXPORT           GPIOB_IRQHandler          [WEAK
] 
                                                            ; GPIOB_IRQn       
                                                               = 1,            
                                                                               
                                                                               
                                                               
  175 0000000E                 EXPORT           GPIOC_IRQHandler          [WEAK
] 
                                                            ; GPIOC_IRQn       
                                                               = 2,            
                                                                               
                                                                               
                                                               
  176 0000000E                 EXPORT           GPIOD_IRQHandler          [WEAK
] 
                                                            ; GPIOD_IRQn       
                                                               = 3,            
                                                                               
                                                                               
                                                               
  177 0000000E         ;EXPORT  0                         [WEAK]  ; Reserved---
                       ------------4,                                          
                                 
  178 0000000E         ;EXPORT  0                         [WEAK]  ; Reserved---
                       ------------5,                                          
                                 
  179 0000000E                 EXPORT           UART0_IRQHandler          [WEAK
] 
                                                            ; UART0_IRQn       
                                                               = 6,            



ARM Macro Assembler    Page 6 


                                                                               
                                                                               
                                                               
  180 0000000E                 EXPORT           UART1_IRQHandler          [WEAK
] 
                                                            ; UART1_IRQn       
                                                               = 7,            
                                                                               
                                                                               
                                                               
  181 0000000E                 EXPORT           LPUART_IRQHandler          [WEA
K] 
                                                            ;LPUART_IRQn = 8,  
                                                                               
                                                                               
                                                                        
  182 0000000E         ;EXPORT  0                         [WEAK]  ; Reserved---
                       ------------9,                                          
                                 
  183 0000000E                 EXPORT           SPI0COMB_IRQHandler       [WEAK
] 
                                                            ; SPI0COMB_IRQn    
                                                               = 10,           
                                                                               
                                                                               
                                                               
  184 0000000E                 EXPORT           SPI_DUMMYCOMB_IRQHandler  [WEAK
] 
                                                            ; SPI_DUMMYCOMB_IRQ
                                                            n  = 11,           
                                                                               
                                                                               
                                                               
  185 0000000E                 EXPORT           I2C0_IRQHandler           [WEAK
] 
                                                            ; I2C0_IRQn        
                                                               = 12,           
                                                                               
                                                                               
                                                               
  186 0000000E                 EXPORT           I2C_DUMMY_IRQHandler      [WEAK
] 
                                                            ; I2C_DUMMY_IRQn   
                                                               = 13,           
                                                                               
                                                                               
                                                               
  187 0000000E                 EXPORT           TIMER10_IRQHandler         [WEA
K] 
                                                            ; TIMER0_IRQn      
                                                               = 14,           
                                                                               
                                                                               
                                                               
  188 0000000E                 EXPORT           TIMER11_IRQHandler         [WEA
K] 
                                                            ; TIMER1_IRQn      
                                                               = 15,           
                                                                               



ARM Macro Assembler    Page 7 


                                                                               
                                                               
  189 0000000E                 EXPORT           LPTIMER_IRQHandler        [WEAK
] 
                                                            ; LPTIMER_IRQn  = 1
                                                            6,                 
                                                                               
                                                                           
  190 0000000E         ;EXPORT  0                         [WEAK]  ; Reserved---
                       ------------17,                                         
                                 
  191 0000000E                 EXPORT           PWM_IRQHandler            [WEAK
] 
                                                            ; PWM_IRQn         
                                                               = 18,           
                                                                               
                                                                               
                                                               
  192 0000000E                 EXPORT           ADVTIM_IRQHandler        [WEAK]
 
                                                            ; ADVTim2----------
                                                            -----19,           
                                                                               
                                                                             
  193 0000000E         ;EXPORT  0                         [WEAK]  ; Reserved---
                       ------------20,                                         
                                 
  194 0000000E                 EXPORT           PCA_IRQHandler            [WEAK
] 
                                                            ; PCA_IRQn         
                                                               = 21,           
                                                                               
                                                                               
                                                               
  195 0000000E                 EXPORT           WWDT_IRQHandler           [WEAK
] 
                                                            ; WWDT_IRQn        
                                                               = 22,           
                                                                               
                                                                               
                                                               
  196 0000000E                 EXPORT           IWDT_IRQHandler           [WEAK
] 
                                                            ; IWDT_IRQn        
                                                               = 23,           
                                                                               
                                                                               
                                                               
  197 0000000E                 EXPORT           ADC0_IRQHandler           [WEAK
] 
                                                            ; ADC0_IRQn        
                                                               = 24,           
                                                                               
                                                                               
                                                               
  198 0000000E                 EXPORT           LVD_IRQHandler            [WEAK
] 
                                                            ; LVD_IRQn         
                                                               = 25,           



ARM Macro Assembler    Page 8 


                                                                               
                                                                              
  199 0000000E                 EXPORT           VC_IRQHandler             [WEAK
] 
                                                            ; VC_IRQn          
                                                               = 26,           
                                                                               
                                                                               
                                                              
  200 0000000E         ;EXPORT  0                         [WEAK]  ; Reserved---
                       ------------27,                                         
                                 
  201 0000000E                 EXPORT           AWK_IRQHandler            [WEAK
] 
                                                            ; AWK_IRQn       = 
                                                            28,                
                                                                  
  202 0000000E                 EXPORT           ONEWIRE_IRQHandler        [WEAK
] 
                                                            ; ONEWIRE_IRQn     
                                                             = 29,             
                                                                      
  203 0000000E                 EXPORT           RTC_MATCH0_IRQHandler     [WEAK
] 
                                                            ;  RTC_MATCH0_IRQn 
                                                               = 30,
  204 0000000E                 EXPORT           CLKTRIM_IRQHandler        [WEAK
] 
                                                            ;  CLKTRIM_IRQn    
                                                               = 31 
  205 0000000E         
  206 0000000E         
  207 0000000E         
  208 0000000E         
  209 0000000E         GPIOA_IRQHandler                     ; GPIOA_IRQn       
                                                               = 0,            
                                                                               
                                                                               
                                                               
  210 0000000E         GPIOB_IRQHandler                     ; GPIOB_IRQn       
                                                               = 1,            
                                                                               
                                                                               
                                                               
  211 0000000E         GPIOC_IRQHandler                     ; GPIOC_IRQn       
                                                               = 2,            
                                                                               
                                                                               
                                                               
  212 0000000E         GPIOD_IRQHandler                     ; GPIOD_IRQn       
                                                               = 3,            
                                                                               
                                                                               
                                                               
  213 0000000E         ;0                         ; Reserved---------------4,  
                                                                         
  214 0000000E         ;0                         ; Reserved---------------5,  
                                                                         
  215 0000000E         UART0_IRQHandler                     ; UART0_IRQn       



ARM Macro Assembler    Page 9 


                                                               = 6,            
                                                                               
                                                                               
                                                               
  216 0000000E         UART1_IRQHandler                     ; UART1_IRQn       
                                                               = 7,            
                                                                               
                                                                               
                                                               
  217 0000000E         LPUART_IRQHandler                    ; LPUART_IRQn = 8, 
                                                                               
                                                                               
                                                                         
  218 0000000E         ;0                         ; Reserved---------------9,  
                                                                         
  219 0000000E         SPI0COMB_IRQHandler                  ; SPI0COMB_IRQn    
                                                               = 10,           
                                                                               
                                                                               
                                                               
  220 0000000E         SPI_DUMMYCOMB_IRQHandler             ; SPI_DUMMYCOMB_IRQ
                                                            n  = 11,           
                                                                               
                                                                               
                                                               
  221 0000000E         I2C0_IRQHandler                      ; I2C0_IRQn        
                                                               = 12,           
                                                                               
                                                                               
                                                               
  222 0000000E         I2C_DUMMY_IRQHandler                 ; I2C_DUMMY_IRQn   
                                                               = 13,           
                                                                               
                                                                               
                                                               
  223 0000000E         TIMER10_IRQHandler                   ; TIMER0_IRQn      
                                                               = 14,           
                                                                               
                                                                               
                                                               
  224 0000000E         TIMER11_IRQHandler                   ; TIMER1_IRQn      
                                                               = 15,           
                                                                               
                                                                               
                                                               
  225 0000000E         LPTIMER_IRQHandler                   ; LPTIMER_IRQn  = 1
                                                            6,,                
                                                                               
                                                                            
  226 0000000E         ;0                         ; Reserved---------------17, 
                                                                         
  227 0000000E         PWM_IRQHandler                       ; PWM_IRQn         
                                                               = 18,           
                                                                               
                                                                               
                                                               
  228 0000000E         ADVTIM_IRQHandler                    ; ADVTim_IRQn------
                                                            ---------19,       
                                                                               



ARM Macro Assembler    Page 10 


                                                                               
                                                                    
  229 0000000E         ;0                         ; Reserved---------------20, 
                                                                         
  230 0000000E         PCA_IRQHandler                       ; PCA_IRQn         
                                                               = 21,           
                                                                               
                                                                               
                                                               
  231 0000000E         WWDT_IRQHandler                      ; WWDT_IRQn        
                                                               = 22,           
                                                                               
                                                                               
                                                               
  232 0000000E         IWDT_IRQHandler                      ; IWDT_IRQn        
                                                               = 23,           
                                                                               
                                                                               
                                                               
  233 0000000E         ADC0_IRQHandler                      ; ADC0_IRQn        
                                                               = 24,           
                                                                               
                                                                               
                                                               
  234 0000000E         LVD_IRQHandler                       ; LVD_IRQn         
                                                               = 25,           
                                                                               
                                                                               
                                                              
  235 0000000E         VC_IRQHandler                        ; VC_IRQn          
                                                               = 26,           
                                                                               
                                                                               
                                                                
  236 0000000E         ;0                         ; Reserved---------------27, 
                                                                         
  237 0000000E         AWK_IRQHandler                       ; AWK_IRQn         
                                                               =   28,         
                                                                               
                                                                               
                                                              
  238 0000000E         ONEWIRE_IRQHandler                   ; ONEWIRE_IRQn     
                                                                   =   29,     
                                                                               
                                                            
  239 0000000E         RTC_MATCH0_IRQHandler                ; RTC_MATCH0_IRQn  
                                                               = 30, C_MATCH0_I
                                                            RQHandler     
  240 0000000E         CLKTRIM_IRQHandler                   ; CLKTRIM_IRQn     
                                                               = 31  KTRIM_IRQH
                                                            andler       
  241 0000000E         
  242 0000000E E7FE            B                .
  243 00000010         
  244 00000010                 ENDP
  245 00000010         
  246 00000010         
  247 00000010                 ALIGN
  248 00000010         



ARM Macro Assembler    Page 11 


  249 00000010         
  250 00000010         ; User Initial Stack & Heap
  251 00000010         
  252 00000010                 IF               :DEF:__MICROLIB
  259 00000010         
  260 00000010                 IMPORT           __use_two_region_memory
  261 00000010                 EXPORT           __user_initial_stackheap
  262 00000010         
  263 00000010         __user_initial_stackheap
                               PROC
  264 00000010 4803            LDR              R0, =  Heap_Mem
  265 00000012 4904            LDR              R1, =(Stack_Mem + Stack_Size)
  266 00000014 4A04            LDR              R2, = (Heap_Mem +  Heap_Size)
  267 00000016 4B05            LDR              R3, = Stack_Mem
  268 00000018 4770            BX               LR
  269 0000001A                 ENDP
  270 0000001A         
  271 0000001A 00 00           ALIGN
  272 0000001C         
  273 0000001C                 ENDIF
  274 0000001C         
  275 0000001C         
  276 0000001C                 END
              00000000 
              00000000 
              00000400 
              00000400 
              00000000 
Command Line: --debug --xref --diag_suppress=9931 --cpu=Cortex-M0 --apcs=interw
ork --depend=.\objects\startup_xm32l003.d -o.\objects\startup_xm32l003.o -I.\RT
E\_Target_1 -IC:\Keil_v5\ARM\PACK\ARM\CMSIS\5.0.1\CMSIS\Include -IC:\Keil_v5\AR
M\PACK\ARM\CMSIS\5.0.1\Device\ARM\ARMCM0\Include -IC:\Keil_v5\ARM\PACK\ARM\CMSI
S\5.0.1 --predefine="__UVISION_VERSION SETA 524" --predefine="_RTE_ SETA 1" --p
redefine="ARMCM0 SETA 1" --list=.\listings\startup_xm32l003.lst ..\DEVICE\start
up_xm32l003.s



ARM Macro Assembler    Page 1 Alphabetic symbol ordering
Relocatable symbols

STACK 00000000

Symbol: STACK
   Definitions
      At line 48 in file ..\DEVICE\startup_xm32l003.s
   Uses
      None
Comment: STACK unused
Stack_Mem 00000000

Symbol: Stack_Mem
   Definitions
      At line 49 in file ..\DEVICE\startup_xm32l003.s
   Uses
      At line 265 in file ..\DEVICE\startup_xm32l003.s
      At line 267 in file ..\DEVICE\startup_xm32l003.s

__initial_sp 00000400

Symbol: __initial_sp
   Definitions
      At line 50 in file ..\DEVICE\startup_xm32l003.s
   Uses
      At line 76 in file ..\DEVICE\startup_xm32l003.s
Comment: __initial_sp used once
3 symbols



ARM Macro Assembler    Page 1 Alphabetic symbol ordering
Relocatable symbols

HEAP 00000000

Symbol: HEAP
   Definitions
      At line 59 in file ..\DEVICE\startup_xm32l003.s
   Uses
      None
Comment: HEAP unused
Heap_Mem 00000000

Symbol: Heap_Mem
   Definitions
      At line 61 in file ..\DEVICE\startup_xm32l003.s
   Uses
      At line 264 in file ..\DEVICE\startup_xm32l003.s
      At line 266 in file ..\DEVICE\startup_xm32l003.s

__heap_base 00000000

Symbol: __heap_base
   Definitions
      At line 60 in file ..\DEVICE\startup_xm32l003.s
   Uses
      None
Comment: __heap_base unused
__heap_limit 00000400

Symbol: __heap_limit
   Definitions
      At line 62 in file ..\DEVICE\startup_xm32l003.s
   Uses
      None
Comment: __heap_limit unused
4 symbols



ARM Macro Assembler    Page 1 Alphabetic symbol ordering
Relocatable symbols

RESET 00000000

Symbol: RESET
   Definitions
      At line 71 in file ..\DEVICE\startup_xm32l003.s
   Uses
      None
Comment: RESET unused
__Vectors 00000000

Symbol: __Vectors
   Definitions
      At line 76 in file ..\DEVICE\startup_xm32l003.s
   Uses
      At line 72 in file ..\DEVICE\startup_xm32l003.s
      At line 129 in file ..\DEVICE\startup_xm32l003.s

__Vectors_End 000000C0

Symbol: __Vectors_End
   Definitions
      At line 127 in file ..\DEVICE\startup_xm32l003.s
   Uses
      At line 73 in file ..\DEVICE\startup_xm32l003.s
      At line 129 in file ..\DEVICE\startup_xm32l003.s

3 symbols



ARM Macro Assembler    Page 1 Alphabetic symbol ordering
Relocatable symbols

.text 00000000

Symbol: .text
   Definitions
      At line 131 in file ..\DEVICE\startup_xm32l003.s
   Uses
      None
Comment: .text unused
ADC0_IRQHandler 0000000E

Symbol: ADC0_IRQHandler
   Definitions
      At line 233 in file ..\DEVICE\startup_xm32l003.s
   Uses
      At line 119 in file ..\DEVICE\startup_xm32l003.s
      At line 197 in file ..\DEVICE\startup_xm32l003.s

ADVTIM_IRQHandler 0000000E

Symbol: ADVTIM_IRQHandler
   Definitions
      At line 228 in file ..\DEVICE\startup_xm32l003.s
   Uses
      At line 114 in file ..\DEVICE\startup_xm32l003.s
      At line 192 in file ..\DEVICE\startup_xm32l003.s

AWK_IRQHandler 0000000E

Symbol: AWK_IRQHandler
   Definitions
      At line 237 in file ..\DEVICE\startup_xm32l003.s
   Uses
      At line 123 in file ..\DEVICE\startup_xm32l003.s
      At line 201 in file ..\DEVICE\startup_xm32l003.s

CLKTRIM_IRQHandler 0000000E

Symbol: CLKTRIM_IRQHandler
   Definitions
      At line 240 in file ..\DEVICE\startup_xm32l003.s
   Uses
      At line 126 in file ..\DEVICE\startup_xm32l003.s
      At line 204 in file ..\DEVICE\startup_xm32l003.s

Default_Handler 0000000E

Symbol: Default_Handler
   Definitions
      At line 171 in file ..\DEVICE\startup_xm32l003.s
   Uses
      None
Comment: Default_Handler unused
GPIOA_IRQHandler 0000000E

Symbol: GPIOA_IRQHandler
   Definitions
      At line 209 in file ..\DEVICE\startup_xm32l003.s
   Uses
      At line 95 in file ..\DEVICE\startup_xm32l003.s



ARM Macro Assembler    Page 2 Alphabetic symbol ordering
Relocatable symbols

      At line 173 in file ..\DEVICE\startup_xm32l003.s

GPIOB_IRQHandler 0000000E

Symbol: GPIOB_IRQHandler
   Definitions
      At line 210 in file ..\DEVICE\startup_xm32l003.s
   Uses
      At line 96 in file ..\DEVICE\startup_xm32l003.s
      At line 174 in file ..\DEVICE\startup_xm32l003.s

GPIOC_IRQHandler 0000000E

Symbol: GPIOC_IRQHandler
   Definitions
      At line 211 in file ..\DEVICE\startup_xm32l003.s
   Uses
      At line 97 in file ..\DEVICE\startup_xm32l003.s
      At line 175 in file ..\DEVICE\startup_xm32l003.s

GPIOD_IRQHandler 0000000E

Symbol: GPIOD_IRQHandler
   Definitions
      At line 212 in file ..\DEVICE\startup_xm32l003.s
   Uses
      At line 98 in file ..\DEVICE\startup_xm32l003.s
      At line 176 in file ..\DEVICE\startup_xm32l003.s

HardFault_Handler 00000006

Symbol: HardFault_Handler
   Definitions
      At line 154 in file ..\DEVICE\startup_xm32l003.s
   Uses
      At line 79 in file ..\DEVICE\startup_xm32l003.s
      At line 155 in file ..\DEVICE\startup_xm32l003.s

I2C0_IRQHandler 0000000E

Symbol: I2C0_IRQHandler
   Definitions
      At line 221 in file ..\DEVICE\startup_xm32l003.s
   Uses
      At line 107 in file ..\DEVICE\startup_xm32l003.s
      At line 185 in file ..\DEVICE\startup_xm32l003.s

I2C_DUMMY_IRQHandler 0000000E

Symbol: I2C_DUMMY_IRQHandler
   Definitions
      At line 222 in file ..\DEVICE\startup_xm32l003.s
   Uses
      At line 108 in file ..\DEVICE\startup_xm32l003.s
      At line 186 in file ..\DEVICE\startup_xm32l003.s

IWDT_IRQHandler 0000000E

Symbol: IWDT_IRQHandler



ARM Macro Assembler    Page 3 Alphabetic symbol ordering
Relocatable symbols

   Definitions
      At line 232 in file ..\DEVICE\startup_xm32l003.s
   Uses
      At line 118 in file ..\DEVICE\startup_xm32l003.s
      At line 196 in file ..\DEVICE\startup_xm32l003.s

LPTIMER_IRQHandler 0000000E

Symbol: LPTIMER_IRQHandler
   Definitions
      At line 225 in file ..\DEVICE\startup_xm32l003.s
   Uses
      At line 111 in file ..\DEVICE\startup_xm32l003.s
      At line 189 in file ..\DEVICE\startup_xm32l003.s

LPUART_IRQHandler 0000000E

Symbol: LPUART_IRQHandler
   Definitions
      At line 217 in file ..\DEVICE\startup_xm32l003.s
   Uses
      At line 103 in file ..\DEVICE\startup_xm32l003.s
      At line 181 in file ..\DEVICE\startup_xm32l003.s

LVD_IRQHandler 0000000E

Symbol: LVD_IRQHandler
   Definitions
      At line 234 in file ..\DEVICE\startup_xm32l003.s
   Uses
      At line 120 in file ..\DEVICE\startup_xm32l003.s
      At line 198 in file ..\DEVICE\startup_xm32l003.s

NMI_Handler 00000004

Symbol: NMI_Handler
   Definitions
      At line 149 in file ..\DEVICE\startup_xm32l003.s
   Uses
      At line 78 in file ..\DEVICE\startup_xm32l003.s
      At line 150 in file ..\DEVICE\startup_xm32l003.s

ONEWIRE_IRQHandler 0000000E

Symbol: ONEWIRE_IRQHandler
   Definitions
      At line 238 in file ..\DEVICE\startup_xm32l003.s
   Uses
      At line 124 in file ..\DEVICE\startup_xm32l003.s
      At line 202 in file ..\DEVICE\startup_xm32l003.s

PCA_IRQHandler 0000000E

Symbol: PCA_IRQHandler
   Definitions
      At line 230 in file ..\DEVICE\startup_xm32l003.s
   Uses
      At line 116 in file ..\DEVICE\startup_xm32l003.s
      At line 194 in file ..\DEVICE\startup_xm32l003.s



ARM Macro Assembler    Page 4 Alphabetic symbol ordering
Relocatable symbols


PWM_IRQHandler 0000000E

Symbol: PWM_IRQHandler
   Definitions
      At line 227 in file ..\DEVICE\startup_xm32l003.s
   Uses
      At line 113 in file ..\DEVICE\startup_xm32l003.s
      At line 191 in file ..\DEVICE\startup_xm32l003.s

PendSV_Handler 0000000A

Symbol: PendSV_Handler
   Definitions
      At line 162 in file ..\DEVICE\startup_xm32l003.s
   Uses
      At line 90 in file ..\DEVICE\startup_xm32l003.s
      At line 163 in file ..\DEVICE\startup_xm32l003.s

RTC_MATCH0_IRQHandler 0000000E

Symbol: RTC_MATCH0_IRQHandler
   Definitions
      At line 239 in file ..\DEVICE\startup_xm32l003.s
   Uses
      At line 125 in file ..\DEVICE\startup_xm32l003.s
      At line 203 in file ..\DEVICE\startup_xm32l003.s

Reset_Handler 00000000

Symbol: Reset_Handler
   Definitions
      At line 136 in file ..\DEVICE\startup_xm32l003.s
   Uses
      At line 77 in file ..\DEVICE\startup_xm32l003.s
      At line 137 in file ..\DEVICE\startup_xm32l003.s

SPI0COMB_IRQHandler 0000000E

Symbol: SPI0COMB_IRQHandler
   Definitions
      At line 219 in file ..\DEVICE\startup_xm32l003.s
   Uses
      At line 105 in file ..\DEVICE\startup_xm32l003.s
      At line 183 in file ..\DEVICE\startup_xm32l003.s

SPI_DUMMYCOMB_IRQHandler 0000000E

Symbol: SPI_DUMMYCOMB_IRQHandler
   Definitions
      At line 220 in file ..\DEVICE\startup_xm32l003.s
   Uses
      At line 106 in file ..\DEVICE\startup_xm32l003.s
      At line 184 in file ..\DEVICE\startup_xm32l003.s

SVC_Handler 00000008

Symbol: SVC_Handler
   Definitions



ARM Macro Assembler    Page 5 Alphabetic symbol ordering
Relocatable symbols

      At line 158 in file ..\DEVICE\startup_xm32l003.s
   Uses
      At line 87 in file ..\DEVICE\startup_xm32l003.s
      At line 159 in file ..\DEVICE\startup_xm32l003.s

SysTick_Handler 0000000C

Symbol: SysTick_Handler
   Definitions
      At line 166 in file ..\DEVICE\startup_xm32l003.s
   Uses
      At line 91 in file ..\DEVICE\startup_xm32l003.s
      At line 167 in file ..\DEVICE\startup_xm32l003.s

TIMER10_IRQHandler 0000000E

Symbol: TIMER10_IRQHandler
   Definitions
      At line 223 in file ..\DEVICE\startup_xm32l003.s
   Uses
      At line 109 in file ..\DEVICE\startup_xm32l003.s
      At line 187 in file ..\DEVICE\startup_xm32l003.s

TIMER11_IRQHandler 0000000E

Symbol: TIMER11_IRQHandler
   Definitions
      At line 224 in file ..\DEVICE\startup_xm32l003.s
   Uses
      At line 110 in file ..\DEVICE\startup_xm32l003.s
      At line 188 in file ..\DEVICE\startup_xm32l003.s

UART0_IRQHandler 0000000E

Symbol: UART0_IRQHandler
   Definitions
      At line 215 in file ..\DEVICE\startup_xm32l003.s
   Uses
      At line 101 in file ..\DEVICE\startup_xm32l003.s
      At line 179 in file ..\DEVICE\startup_xm32l003.s

UART1_IRQHandler 0000000E

Symbol: UART1_IRQHandler
   Definitions
      At line 216 in file ..\DEVICE\startup_xm32l003.s
   Uses
      At line 102 in file ..\DEVICE\startup_xm32l003.s
      At line 180 in file ..\DEVICE\startup_xm32l003.s

VC_IRQHandler 0000000E

Symbol: VC_IRQHandler
   Definitions
      At line 235 in file ..\DEVICE\startup_xm32l003.s
   Uses
      At line 121 in file ..\DEVICE\startup_xm32l003.s
      At line 199 in file ..\DEVICE\startup_xm32l003.s




ARM Macro Assembler    Page 6 Alphabetic symbol ordering
Relocatable symbols

WWDT_IRQHandler 0000000E

Symbol: WWDT_IRQHandler
   Definitions
      At line 231 in file ..\DEVICE\startup_xm32l003.s
   Uses
      At line 117 in file ..\DEVICE\startup_xm32l003.s
      At line 195 in file ..\DEVICE\startup_xm32l003.s

__user_initial_stackheap 00000010

Symbol: __user_initial_stackheap
   Definitions
      At line 263 in file ..\DEVICE\startup_xm32l003.s
   Uses
      At line 261 in file ..\DEVICE\startup_xm32l003.s
Comment: __user_initial_stackheap used once
35 symbols



ARM Macro Assembler    Page 1 Alphabetic symbol ordering
Absolute symbols

Heap_Size 00000400

Symbol: Heap_Size
   Definitions
      At line 57 in file ..\DEVICE\startup_xm32l003.s
   Uses
      At line 61 in file ..\DEVICE\startup_xm32l003.s
      At line 266 in file ..\DEVICE\startup_xm32l003.s

Stack_Size 00000400

Symbol: Stack_Size
   Definitions
      At line 46 in file ..\DEVICE\startup_xm32l003.s
   Uses
      At line 49 in file ..\DEVICE\startup_xm32l003.s
      At line 265 in file ..\DEVICE\startup_xm32l003.s

__Vectors_Size 000000C0

Symbol: __Vectors_Size
   Definitions
      At line 129 in file ..\DEVICE\startup_xm32l003.s
   Uses
      At line 74 in file ..\DEVICE\startup_xm32l003.s
Comment: __Vectors_Size used once
3 symbols



ARM Macro Assembler    Page 1 Alphabetic symbol ordering
External symbols

__main 00000000

Symbol: __main
   Definitions
      At line 139 in file ..\DEVICE\startup_xm32l003.s
   Uses
      At line 142 in file ..\DEVICE\startup_xm32l003.s
Comment: __main used once
__use_two_region_memory 00000000

Symbol: __use_two_region_memory
   Definitions
      At line 260 in file ..\DEVICE\startup_xm32l003.s
   Uses
      None
Comment: __use_two_region_memory unused
2 symbols
387 symbols in table
