


ARM Macro Assembler    Page 1 


    1 00000000         ;/******************************************************
                       ********************//**
    2 00000000         ; * @file     startup_xmc32s003.s
    3 00000000         ; * @brief    CMSIS Core Device Startup File for
    4 00000000         ; *           ARMCM0plus Device Series
    5 00000000         ; * @version  V1.01
    6 00000000         ; * @date     23. November 2012
    7 00000000         ; *
    8 00000000         ; * @note
    9 00000000         ; *
   10 00000000         ; ******************************************************
                       ************************/
   11 00000000         ;/* Copyright (c) 2012 ARM LIMITED
   12 00000000         ;
   13 00000000         ;   All rights reserved.
   14 00000000         ;   Redistribution and use in source and binary forms, w
                       ith or without
   15 00000000         ;   modification, are permitted provided that the follow
                       ing conditions are met:
   16 00000000         ;   - Redistributions of source code must retain the abo
                       ve copyright
   17 00000000         ;     notice, this list of conditions and the following 
                       disclaimer.
   18 00000000         ;   - Redistributions in binary form must reproduce the 
                       above copyright
   19 00000000         ;     notice, this list of conditions and the following 
                       disclaimer in the
   20 00000000         ;     documentation and/or other materials provided with
                        the distribution.
   21 00000000         ;   - Neither the name of ARM nor the names of its contr
                       ibutors may be used
   22 00000000         ;     to endorse or promote products derived from this s
                       oftware without
   23 00000000         ;     specific prior written permission.
   24 00000000         ;   *
   25 00000000         ;   THIS SOFTWARE IS PROVIDED BY THE COPYRIGHT HOLDERS A
                       ND CONTRIBUTORS "AS IS"
   26 00000000         ;   AND ANY EXPRESS OR IMPLIED WARRANTIES, INCLUDING, BU
                       T NOT LIMITED TO, THE
   27 00000000         ;   IMPLIED WARRANTIES OF MERCHANTABILITY AND FITNESS FO
                       R A PARTICULAR PURPOSE
   28 00000000         ;   ARE DISCLAIMED. IN NO EVENT SHALL COPYRIGHT HOLDERS 
                       AND CONTRIBUTORS BE
   29 00000000         ;   LIABLE FOR ANY DIRECT, INDIRECT, INCIDENTAL, SPECIAL
                       , EXEMPLARY, OR
   30 00000000         ;   CONSEQUENTIAL DAMAGES (INCLUDING, BUT NOT LIMITED TO
                       , PROCUREMENT OF
   31 00000000         ;   SUBSTITUTE GOODS OR SERVICES; LOSS OF USE, DATA, OR 
                       PROFITS; OR BUSINESS
   32 00000000         ;   INTERRUPTION) HOWEVER CAUSED AND ON ANY THEORY OF LI
                       ABILITY, WHETHER IN
   33 00000000         ;   CONTRACT, STRICT LIABILITY, OR TORT (INCLUDING NEGLI
                       GENCE OR OTHERWISE)
   34 00000000         ;   ARISING IN ANY WAY OUT OF THE USE OF THIS SOFTWARE, 
                       EVEN IF ADVISED OF THE
   35 00000000         ;   POSSIBILITY OF SUCH DAMAGE.
   36 00000000         ;   ----------------------------------------------------
                       -----------------------*/
   37 00000000         ;/*



ARM Macro Assembler    Page 2 


   38 00000000         ;//-------- <<< Use Configuration Wizard in Context Menu
                        >>> ------------------
   39 00000000         ;*/
   40 00000000         
   41 00000000         
   42 00000000         ; <h> Stack Configuration
   43 00000000         ;   <o> Stack Size (in Bytes) <0x0-0xFFFFFFFF:8>
   44 00000000         ; </h>
   45 00000000         
   46 00000000 00000200 
                       Stack_Size
                               EQU              0x00000200
   47 00000000         
   48 00000000                 AREA             STACK, NOINIT, READWRITE, ALIGN
=3
   49 00000000         Stack_Mem
                               SPACE            Stack_Size
   50 00000200         __initial_sp
   51 00000200         
   52 00000200         
   53 00000200         ; <h> Heap Configuration
   54 00000200         ;   <o>  Heap Size (in Bytes) <0x0-0xFFFFFFFF:8>
   55 00000200         ; </h>
   56 00000200         
   57 00000200 00000200 
                       Heap_Size
                               EQU              0x00000200
   58 00000200         
   59 00000200                 AREA             HEAP, NOINIT, READWRITE, ALIGN=
3
   60 00000000         __heap_base
   61 00000000         Heap_Mem
                               SPACE            Heap_Size
   62 00000200         __heap_limit
   63 00000200         
   64 00000200         
   65 00000200                 PRESERVE8
   66 00000200                 THUMB
   67 00000200         
   68 00000200         
   69 00000200         ; Vector Table Mapped to Address 0 at Reset
   70 00000200         
   71 00000200                 AREA             RESET, DATA, READONLY
   72 00000000                 EXPORT           __Vectors
   73 00000000                 EXPORT           __Vectors_End
   74 00000000                 EXPORT           __Vectors_Size
   75 00000000         
   76 00000000 00000000 
                       __Vectors
                               DCD              __initial_sp ; Top of Stack
   77 00000004 00000000        DCD              Reset_Handler ; Reset Handler
   78 00000008 00000000        DCD              NMI_Handler ; NMI Handler
   79 0000000C 00000000        DCD              HardFault_Handler ; Hard Fault 
                                                            Handler
   80 00000010 00000000        DCD              0           ; Reserved
   81 00000014 00000000        DCD              0           ; Reserved
   82 00000018 00000000        DCD              0           ; Reserved
   83 0000001C 00000000        DCD              0           ; Reserved
   84 00000020 00000000        DCD              0           ; Reserved



ARM Macro Assembler    Page 3 


   85 00000024 00000000        DCD              0           ; Reserved
   86 00000028 00000000        DCD              0           ; Reserved
   87 0000002C 00000000        DCD              SVC_Handler ; SVCall Handler
   88 00000030 00000000        DCD              0           ; Reserved
   89 00000034 00000000        DCD              0           ; Reserved
   90 00000038 00000000        DCD              PendSV_Handler ; PendSV Handler
                                                            
   91 0000003C 00000000        DCD              SysTick_Handler 
                                                            ; SysTick Handler
   92 00000040         
   93 00000040         
   94 00000040         ; External Interrupts         
   95 00000040 00000000        DCD              GPIOA_IRQHandler ; GPIOA_IRQn  
                                                                    = 0,
   96 00000044 00000000        DCD              GPIOB_IRQHandler ; GPIOB_IRQn  
                                                                    = 1,
   97 00000048 00000000        DCD              GPIOC_IRQHandler ; GPIOC_IRQn  
                                                                    = 2,
   98 0000004C 00000000        DCD              GPIOD_IRQHandler ; GPIOD_IRQn  
                                                                    = 3,
   99 00000050 00000000        DCD              0           ; Reserved---------
                                                            ------4,
  100 00000054 00000000        DCD              0           ; Reserved---------
                                                            ------5,
  101 00000058 00000000        DCD              UART0_IRQHandler ; UART0_IRQn  
                                                                    = 6,
  102 0000005C 00000000        DCD              UART1_IRQHandler ; UART1_IRQn  
                                                                    = 7,
  103 00000060 00000000        DCD              0           ; Reserved---------
                                                            ------8,
  104 00000064 00000000        DCD              0           ; Reserved---------
                                                            ------9,
  105 00000068 00000000        DCD              SPI0COMB_IRQHandler ; SPI0COMB_
                                                            IRQn       = 10,
  106 0000006C 00000000        DCD              SPI_DUMMYCOMB_IRQHandler ; SPI_
                                                            DUMMYCOMB_IRQn  = 1
                                                            1,
  107 00000070 00000000        DCD              I2C0_IRQHandler ; I2C0_IRQn    
                                                                   = 12,
  108 00000074 00000000        DCD              I2C_DUMMY_IRQHandler ; I2C_DUMM
                                                            Y_IRQn      = 13,
  109 00000078 00000000        DCD              TIMER0_IRQHandler ; TIMER0_IRQn
                                                                     = 14,
  110 0000007C 00000000        DCD              TIMER1_IRQHandler ; TIMER1_IRQn
                                                                     = 15,
  111 00000080 00000000        DCD              0           ; Reserved---------
                                                            ------16,
  112 00000084 00000000        DCD              0           ; Reserved---------
                                                            ------17,
  113 00000088 00000000        DCD              PWM_IRQHandler ; PWM_IRQn      
                                                                  = 18,
  114 0000008C 00000000        DCD              0           ; Reserved---------
                                                            ------19,
  115 00000090 00000000        DCD              0           ; Reserved---------
                                                            ------20,
  116 00000094 00000000        DCD              PCA_IRQHandler ; PCA_IRQn      
                                                                  = 21,
  117 00000098 00000000        DCD              WWDT_IRQHandler ; WWDT_IRQn    
                                                                   = 22,



ARM Macro Assembler    Page 4 


  118 0000009C 00000000        DCD              IWDT_IRQHandler ; IWDT_IRQn    
                                                                   = 23,
  119 000000A0 00000000        DCD              ADC0_IRQHandler ; ADC0_IRQn    
                                                                   = 24,
  120 000000A4 00000000        DCD              0           ; Reserved---------
                                                            ------25,
  121 000000A8 00000000        DCD              0           ; Reserved---------
                                                            ------26,
  122 000000AC 00000000        DCD              0           ; Reserved---------
                                                            ------27,
  123 000000B0 00000000        DCD              0           ; Reserved---------
                                                            ------28,
  124 000000B4 00000000        DCD              0           ; Reserved---------
                                                            ------29,
  125 000000B8 00000000        DCD              RTC_MATCH0_IRQHandler ; RTC_MAT
                                                            CH0_IRQn     = 30,
  126 000000BC 00000000        DCD              CLKTRIM_IRQHandler ; CLKTRIM_IR
                                                            Qn        = 31     
                                                             
  127 000000C0         __Vectors_End
  128 000000C0         
  129 000000C0 000000C0 
                       __Vectors_Size
                               EQU              __Vectors_End - __Vectors
  130 000000C0         
  131 000000C0                 AREA             |.text|, CODE, READONLY
  132 00000000         
  133 00000000         
  134 00000000         ; Reset Handler
  135 00000000         
  136 00000000         Reset_Handler
                               PROC
  137 00000000                 EXPORT           Reset_Handler             [WEAK
]
  138 00000000                 IMPORT           SystemInit
  139 00000000                 IMPORT           __main
  140 00000000 4807            LDR              R0, =SystemInit
  141 00000002 4780            BLX              R0
  142 00000004 4807            LDR              R0, =__main
  143 00000006 4700            BX               R0
  144 00000008                 ENDP
  145 00000008         
  146 00000008         
  147 00000008         ; Dummy Exception Handlers (infinite loops which can be 
                       modified)
  148 00000008         
  149 00000008         NMI_Handler
                               PROC
  150 00000008                 EXPORT           NMI_Handler               [WEAK
]
  151 00000008 E7FE            B                .
  152 0000000A                 ENDP
  154 0000000A         HardFault_Handler
                               PROC
  155 0000000A                 EXPORT           HardFault_Handler         [WEAK
]
  156 0000000A E7FE            B                .
  157 0000000C                 ENDP
  158 0000000C         SVC_Handler



ARM Macro Assembler    Page 5 


                               PROC
  159 0000000C                 EXPORT           SVC_Handler               [WEAK
]
  160 0000000C E7FE            B                .
  161 0000000E                 ENDP
  162 0000000E         PendSV_Handler
                               PROC
  163 0000000E                 EXPORT           PendSV_Handler            [WEAK
]
  164 0000000E E7FE            B                .
  165 00000010                 ENDP
  166 00000010         SysTick_Handler
                               PROC
  167 00000010                 EXPORT           SysTick_Handler           [WEAK
]
  168 00000010 E7FE            B                .
  169 00000012                 ENDP
  170 00000012         
  171 00000012         Default_Handler
                               PROC
  172 00000012         
  173 00000012                 EXPORT           GPIOA_IRQHandler          [WEAK
] 
                                                            ; GPIOA_IRQn       
                                                               = 0,            
                                                                               
                                                                               
                                                               
  174 00000012                 EXPORT           GPIOB_IRQHandler          [WEAK
] 
                                                            ; GPIOB_IRQn       
                                                               = 1,            
                                                                               
                                                                               
                                                               
  175 00000012                 EXPORT           GPIOC_IRQHandler          [WEAK
] 
                                                            ; GPIOC_IRQn       
                                                               = 2,            
                                                                               
                                                                               
                                                               
  176 00000012                 EXPORT           GPIOD_IRQHandler          [WEAK
] 
                                                            ; GPIOD_IRQn       
                                                               = 3,            
                                                                               
                                                                               
                                                               
  177 00000012         ;EXPORT  0                         [WEAK]  ; Reserved---
                       ------------4,                                          
                                 
  178 00000012         ;EXPORT  0                         [WEAK]  ; Reserved---
                       ------------5,                                          
                                 
  179 00000012                 EXPORT           UART0_IRQHandler          [WEAK
] 
                                                            ; UART0_IRQn       
                                                               = 6,            



ARM Macro Assembler    Page 6 


                                                                               
                                                                               
                                                               
  180 00000012                 EXPORT           UART1_IRQHandler          [WEAK
] 
                                                            ; UART1_IRQn       
                                                               = 7,            
                                                                               
                                                                               
                                                               
  181 00000012         ;EXPORT  0                         [WEAK]  ; Reserved---
                       ------------8,                                          
                                 
  182 00000012         ;EXPORT  0                         [WEAK]  ; Reserved---
                       ------------9,                                          
                                 
  183 00000012                 EXPORT           SPI0COMB_IRQHandler       [WEAK
] 
                                                            ; SPI0COMB_IRQn    
                                                               = 10,           
                                                                               
                                                                               
                                                               
  184 00000012                 EXPORT           SPI_DUMMYCOMB_IRQHandler  [WEAK
] 
                                                            ; SPI_DUMMYCOMB_IRQ
                                                            n  = 11,           
                                                                               
                                                                               
                                                               
  185 00000012                 EXPORT           I2C0_IRQHandler           [WEAK
] 
                                                            ; I2C0_IRQn        
                                                               = 12,           
                                                                               
                                                                               
                                                               
  186 00000012                 EXPORT           I2C_DUMMY_IRQHandler      [WEAK
] 
                                                            ; I2C_DUMMY_IRQn   
                                                               = 13,           
                                                                               
                                                                               
                                                               
  187 00000012                 EXPORT           TIMER0_IRQHandler         [WEAK
] 
                                                            ; TIMER0_IRQn      
                                                               = 14,           
                                                                               
                                                                               
                                                               
  188 00000012                 EXPORT           TIMER1_IRQHandler         [WEAK
] 
                                                            ; TIMER1_IRQn      
                                                               = 15,           
                                                                               
                                                                               
                                                               
  189 00000012         ;EXPORT  0                         [WEAK]  ; Reserved---



ARM Macro Assembler    Page 7 


                       ------------16,                                         
                                 
  190 00000012         ;EXPORT  0                         [WEAK]  ; Reserved---
                       ------------17,                                         
                                 
  191 00000012                 EXPORT           PWM_IRQHandler            [WEAK
] 
                                                            ; PWM_IRQn         
                                                               = 18,           
                                                                               
                                                                               
                                                               
  192 00000012         ;EXPORT  0                         [WEAK]  ; Reserved---
                       ------------19,                                         
                                 
  193 00000012         ;EXPORT  0                         [WEAK]  ; Reserved---
                       ------------20,                                         
                                 
  194 00000012                 EXPORT           PCA_IRQHandler            [WEAK
] 
                                                            ; PCA_IRQn         
                                                               = 21,           
                                                                               
                                                                               
                                                               
  195 00000012                 EXPORT           WWDT_IRQHandler           [WEAK
] 
                                                            ; WWDT_IRQn        
                                                               = 22,           
                                                                               
                                                                               
                                                               
  196 00000012                 EXPORT           IWDT_IRQHandler           [WEAK
] 
                                                            ; IWDT_IRQn        
                                                               = 23,           
                                                                               
                                                                               
                                                               
  197 00000012                 EXPORT           ADC0_IRQHandler           [WEAK
] 
                                                            ; ADC0_IRQn        
                                                               = 24,           
                                                                               
                                                                               
                                                               
  198 00000012         ;EXPORT  0                         [WEAK]  ; Reserved---
                       ------------25,                                         
                                 
  199 00000012         ;EXPORT  0                         [WEAK]  ; Reserved---
                       ------------26,                                         
                                 
  200 00000012         ;EXPORT  0                         [WEAK]  ; Reserved---
                       ------------27,                                         
                                 
  201 00000012         ;EXPORT  0                         [WEAK]  ; Reserved---
                       ------------28,                        ; Reserved-------
                       --------28
  202 00000012         ;EXPORT  0                         [WEAK]  ; Reserved---



ARM Macro Assembler    Page 8 


                       ------------29,                        ; Reserved-------
                       --------29
  203 00000012                 EXPORT           RTC_MATCH0_IRQHandler     [WEAK
] 
                                                            ;  RTC_MATCH0_IRQn 
                                                                = 30,
  204 00000012                 EXPORT           CLKTRIM_IRQHandler        [WEAK
] 
                                                            ;  CLKTRIM_IRQn    
                                                                = 31 
  205 00000012         
  206 00000012         
  207 00000012         
  208 00000012         
  209 00000012         GPIOA_IRQHandler                     ; GPIOA_IRQn       
                                                               = 0,            
                                                                               
                                                                               
                                                               
  210 00000012         GPIOB_IRQHandler                     ; GPIOB_IRQn       
                                                               = 1,            
                                                                               
                                                                               
                                                               
  211 00000012         GPIOC_IRQHandler                     ; GPIOC_IRQn       
                                                               = 2,            
                                                                               
                                                                               
                                                               
  212 00000012         GPIOD_IRQHandler                     ; GPIOD_IRQn       
                                                               = 3,            
                                                                               
                                                                               
                                                               
  213 00000012         ;0                         ; Reserved---------------4,  
                                                                         
  214 00000012         ;0                         ; Reserved---------------5,  
                                                                         
  215 00000012         UART0_IRQHandler                     ; UART0_IRQn       
                                                               = 6,            
                                                                               
                                                                               
                                                               
  216 00000012         UART1_IRQHandler                     ; UART1_IRQn       
                                                               = 7,            
                                                                               
                                                                               
                                                               
  217 00000012         ;0                         ; Reserved---------------8,  
                                                                         
  218 00000012         ;0                         ; Reserved---------------9,  
                                                                         
  219 00000012         SPI0COMB_IRQHandler                  ; SPI0COMB_IRQn    
                                                               = 10,           
                                                                               
                                                                               
                                                               
  220 00000012         SPI_DUMMYCOMB_IRQHandler             ; SPI_DUMMYCOMB_IRQ
                                                            n  = 11,           



ARM Macro Assembler    Page 9 


                                                                               
                                                                               
                                                               
  221 00000012         I2C0_IRQHandler                      ; I2C0_IRQn        
                                                               = 12,           
                                                                               
                                                                               
                                                               
  222 00000012         I2C_DUMMY_IRQHandler                 ; I2C_DUMMY_IRQn   
                                                               = 13,           
                                                                               
                                                                               
                                                               
  223 00000012         TIMER0_IRQHandler                    ; TIMER0_IRQn      
                                                               = 14,           
                                                                               
                                                                               
                                                               
  224 00000012         TIMER1_IRQHandler                    ; TIMER1_IRQn      
                                                               = 15,           
                                                                               
                                                                               
                                                               
  225 00000012         ;0                         ; Reserved---------------16, 
                                                                         
  226 00000012         ;0                         ; Reserved---------------17, 
                                                                         
  227 00000012         PWM_IRQHandler                       ; PWM_IRQn         
                                                               = 18,           
                                                                               
                                                                               
                                                               
  228 00000012         ;0                         ; Reserved---------------19, 
                                                                         
  229 00000012         ;0                         ; Reserved---------------20, 
                                                                         
  230 00000012         PCA_IRQHandler                       ; PCA_IRQn         
                                                               = 21,           
                                                                               
                                                                               
                                                               
  231 00000012         WWDT_IRQHandler                      ; WWDT_IRQn        
                                                               = 22,           
                                                                               
                                                                               
                                                               
  232 00000012         IWDT_IRQHandler                      ; IWDT_IRQn        
                                                               = 23,           
                                                                               
                                                                               
                                                               
  233 00000012         ADC0_IRQHandler                      ; ADC0_IRQn        
                                                               = 24,           
                                                                               
                                                                               
                                                               
  234 00000012         ;0                         ; Reserved---------------25, 
                                                                         
  235 00000012         ;0                         ; Reserved---------------26, 



ARM Macro Assembler    Page 10 


                                                                         
  236 00000012         ;0                         ; Reserved---------------27, 
                                                                         
  237 00000012         ;0                         ; Reserved---------------28, 
                                              ; Reserved---------------28
  238 00000012         ;0                         ; Reserved---------------29, 
                                              ; Reserved---------------29
  239 00000012         RTC_MATCH0_IRQHandler                ; RTC_MATCH0_IRQn  
                                                               = 30, C_MATCH0_I
                                                            RQHandler     ; RTC
                                                            _MATCH0_IRQn     = 
                                                            30,
  240 00000012         CLKTRIM_IRQHandler                   ; CLKTRIM_IRQn     
                                                               = 31  KTRIM_IRQH
                                                            andler        ; CLK
                                                            TRIM_IRQn        = 
                                                            31 
  241 00000012         
  242 00000012 E7FE            B                .
  243 00000014         
  244 00000014                 ENDP
  245 00000014         
  246 00000014         
  247 00000014                 ALIGN
  248 00000014         
  249 00000014         
  250 00000014         ; User Initial Stack & Heap
  251 00000014         
  252 00000014                 IF               :DEF:__MICROLIB
  259 00000014         
  260 00000014                 IMPORT           __use_two_region_memory
  261 00000014                 EXPORT           __user_initial_stackheap
  262 00000014         
  263 00000014         __user_initial_stackheap
                               PROC
  264 00000014 4804            LDR              R0, =  Heap_Mem
  265 00000016 4905            LDR              R1, =(Stack_Mem + Stack_Size)
  266 00000018 4A05            LDR              R2, = (Heap_Mem +  Heap_Size)
  267 0000001A 4B06            LDR              R3, = Stack_Mem
  268 0000001C 4770            BX               LR
  269 0000001E                 ENDP
  270 0000001E         
  271 0000001E 00 00           ALIGN
  272 00000020         
  273 00000020                 ENDIF
  274 00000020         
  275 00000020         
  276 00000020                 END
              00000000 
              00000000 
              00000000 
              00000200 
              00000200 
              00000000 
Command Line: --debug --xref --cpu=Cortex-M0 --apcs=interwork --depend=.\object
s\startup_xmc32s003.d -o.\objects\startup_xmc32s003.o -IE:\XMC\Keil_Project\Tem
plate\RTE -IC:\Keil_v5\ARM\PACK\ARM\CMSIS\4.3.0 -IC:\Keil_v5\ARM\PACK\ARM\CMSIS
\4.3.0\CMSIS\Include --predefine="_RTE_ SETA 1" --predefine="ARMCM0 SETA 1" --l
ist=.\listings\startup_xmc32s003.lst DEVICE\startup_xmc32s003.s



ARM Macro Assembler    Page 1 Alphabetic symbol ordering
Relocatable symbols

STACK 00000000

Symbol: STACK
   Definitions
      At line 48 in file DEVICE\startup_xmc32s003.s
   Uses
      None
Comment: STACK unused
Stack_Mem 00000000

Symbol: Stack_Mem
   Definitions
      At line 49 in file DEVICE\startup_xmc32s003.s
   Uses
      At line 265 in file DEVICE\startup_xmc32s003.s
      At line 267 in file DEVICE\startup_xmc32s003.s

__initial_sp 00000200

Symbol: __initial_sp
   Definitions
      At line 50 in file DEVICE\startup_xmc32s003.s
   Uses
      At line 76 in file DEVICE\startup_xmc32s003.s
Comment: __initial_sp used once
3 symbols



ARM Macro Assembler    Page 1 Alphabetic symbol ordering
Relocatable symbols

HEAP 00000000

Symbol: HEAP
   Definitions
      At line 59 in file DEVICE\startup_xmc32s003.s
   Uses
      None
Comment: HEAP unused
Heap_Mem 00000000

Symbol: Heap_Mem
   Definitions
      At line 61 in file DEVICE\startup_xmc32s003.s
   Uses
      At line 264 in file DEVICE\startup_xmc32s003.s
      At line 266 in file DEVICE\startup_xmc32s003.s

__heap_base 00000000

Symbol: __heap_base
   Definitions
      At line 60 in file DEVICE\startup_xmc32s003.s
   Uses
      None
Comment: __heap_base unused
__heap_limit 00000200

Symbol: __heap_limit
   Definitions
      At line 62 in file DEVICE\startup_xmc32s003.s
   Uses
      None
Comment: __heap_limit unused
4 symbols



ARM Macro Assembler    Page 1 Alphabetic symbol ordering
Relocatable symbols

RESET 00000000

Symbol: RESET
   Definitions
      At line 71 in file DEVICE\startup_xmc32s003.s
   Uses
      None
Comment: RESET unused
__Vectors 00000000

Symbol: __Vectors
   Definitions
      At line 76 in file DEVICE\startup_xmc32s003.s
   Uses
      At line 72 in file DEVICE\startup_xmc32s003.s
      At line 129 in file DEVICE\startup_xmc32s003.s

__Vectors_End 000000C0

Symbol: __Vectors_End
   Definitions
      At line 127 in file DEVICE\startup_xmc32s003.s
   Uses
      At line 73 in file DEVICE\startup_xmc32s003.s
      At line 129 in file DEVICE\startup_xmc32s003.s

3 symbols



ARM Macro Assembler    Page 1 Alphabetic symbol ordering
Relocatable symbols

.text 00000000

Symbol: .text
   Definitions
      At line 131 in file DEVICE\startup_xmc32s003.s
   Uses
      None
Comment: .text unused
ADC0_IRQHandler 00000012

Symbol: ADC0_IRQHandler
   Definitions
      At line 233 in file DEVICE\startup_xmc32s003.s
   Uses
      At line 119 in file DEVICE\startup_xmc32s003.s
      At line 197 in file DEVICE\startup_xmc32s003.s

CLKTRIM_IRQHandler 00000012

Symbol: CLKTRIM_IRQHandler
   Definitions
      At line 240 in file DEVICE\startup_xmc32s003.s
   Uses
      At line 126 in file DEVICE\startup_xmc32s003.s
      At line 204 in file DEVICE\startup_xmc32s003.s

Default_Handler 00000012

Symbol: Default_Handler
   Definitions
      At line 171 in file DEVICE\startup_xmc32s003.s
   Uses
      None
Comment: Default_Handler unused
GPIOA_IRQHandler 00000012

Symbol: GPIOA_IRQHandler
   Definitions
      At line 209 in file DEVICE\startup_xmc32s003.s
   Uses
      At line 95 in file DEVICE\startup_xmc32s003.s
      At line 173 in file DEVICE\startup_xmc32s003.s

GPIOB_IRQHandler 00000012

Symbol: GPIOB_IRQHandler
   Definitions
      At line 210 in file DEVICE\startup_xmc32s003.s
   Uses
      At line 96 in file DEVICE\startup_xmc32s003.s
      At line 174 in file DEVICE\startup_xmc32s003.s

GPIOC_IRQHandler 00000012

Symbol: GPIOC_IRQHandler
   Definitions
      At line 211 in file DEVICE\startup_xmc32s003.s
   Uses
      At line 97 in file DEVICE\startup_xmc32s003.s



ARM Macro Assembler    Page 2 Alphabetic symbol ordering
Relocatable symbols

      At line 175 in file DEVICE\startup_xmc32s003.s

GPIOD_IRQHandler 00000012

Symbol: GPIOD_IRQHandler
   Definitions
      At line 212 in file DEVICE\startup_xmc32s003.s
   Uses
      At line 98 in file DEVICE\startup_xmc32s003.s
      At line 176 in file DEVICE\startup_xmc32s003.s

HardFault_Handler 0000000A

Symbol: HardFault_Handler
   Definitions
      At line 154 in file DEVICE\startup_xmc32s003.s
   Uses
      At line 79 in file DEVICE\startup_xmc32s003.s
      At line 155 in file DEVICE\startup_xmc32s003.s

I2C0_IRQHandler 00000012

Symbol: I2C0_IRQHandler
   Definitions
      At line 221 in file DEVICE\startup_xmc32s003.s
   Uses
      At line 107 in file DEVICE\startup_xmc32s003.s
      At line 185 in file DEVICE\startup_xmc32s003.s

I2C_DUMMY_IRQHandler 00000012

Symbol: I2C_DUMMY_IRQHandler
   Definitions
      At line 222 in file DEVICE\startup_xmc32s003.s
   Uses
      At line 108 in file DEVICE\startup_xmc32s003.s
      At line 186 in file DEVICE\startup_xmc32s003.s

IWDT_IRQHandler 00000012

Symbol: IWDT_IRQHandler
   Definitions
      At line 232 in file DEVICE\startup_xmc32s003.s
   Uses
      At line 118 in file DEVICE\startup_xmc32s003.s
      At line 196 in file DEVICE\startup_xmc32s003.s

NMI_Handler 00000008

Symbol: NMI_Handler
   Definitions
      At line 149 in file DEVICE\startup_xmc32s003.s
   Uses
      At line 78 in file DEVICE\startup_xmc32s003.s
      At line 150 in file DEVICE\startup_xmc32s003.s

PCA_IRQHandler 00000012

Symbol: PCA_IRQHandler



ARM Macro Assembler    Page 3 Alphabetic symbol ordering
Relocatable symbols

   Definitions
      At line 230 in file DEVICE\startup_xmc32s003.s
   Uses
      At line 116 in file DEVICE\startup_xmc32s003.s
      At line 194 in file DEVICE\startup_xmc32s003.s

PWM_IRQHandler 00000012

Symbol: PWM_IRQHandler
   Definitions
      At line 227 in file DEVICE\startup_xmc32s003.s
   Uses
      At line 113 in file DEVICE\startup_xmc32s003.s
      At line 191 in file DEVICE\startup_xmc32s003.s

PendSV_Handler 0000000E

Symbol: PendSV_Handler
   Definitions
      At line 162 in file DEVICE\startup_xmc32s003.s
   Uses
      At line 90 in file DEVICE\startup_xmc32s003.s
      At line 163 in file DEVICE\startup_xmc32s003.s

RTC_MATCH0_IRQHandler 00000012

Symbol: RTC_MATCH0_IRQHandler
   Definitions
      At line 239 in file DEVICE\startup_xmc32s003.s
   Uses
      At line 125 in file DEVICE\startup_xmc32s003.s
      At line 203 in file DEVICE\startup_xmc32s003.s

Reset_Handler 00000000

Symbol: Reset_Handler
   Definitions
      At line 136 in file DEVICE\startup_xmc32s003.s
   Uses
      At line 77 in file DEVICE\startup_xmc32s003.s
      At line 137 in file DEVICE\startup_xmc32s003.s

SPI0COMB_IRQHandler 00000012

Symbol: SPI0COMB_IRQHandler
   Definitions
      At line 219 in file DEVICE\startup_xmc32s003.s
   Uses
      At line 105 in file DEVICE\startup_xmc32s003.s
      At line 183 in file DEVICE\startup_xmc32s003.s

SPI_DUMMYCOMB_IRQHandler 00000012

Symbol: SPI_DUMMYCOMB_IRQHandler
   Definitions
      At line 220 in file DEVICE\startup_xmc32s003.s
   Uses
      At line 106 in file DEVICE\startup_xmc32s003.s
      At line 184 in file DEVICE\startup_xmc32s003.s



ARM Macro Assembler    Page 4 Alphabetic symbol ordering
Relocatable symbols


SVC_Handler 0000000C

Symbol: SVC_Handler
   Definitions
      At line 158 in file DEVICE\startup_xmc32s003.s
   Uses
      At line 87 in file DEVICE\startup_xmc32s003.s
      At line 159 in file DEVICE\startup_xmc32s003.s

SysTick_Handler 00000010

Symbol: SysTick_Handler
   Definitions
      At line 166 in file DEVICE\startup_xmc32s003.s
   Uses
      At line 91 in file DEVICE\startup_xmc32s003.s
      At line 167 in file DEVICE\startup_xmc32s003.s

TIMER0_IRQHandler 00000012

Symbol: TIMER0_IRQHandler
   Definitions
      At line 223 in file DEVICE\startup_xmc32s003.s
   Uses
      At line 109 in file DEVICE\startup_xmc32s003.s
      At line 187 in file DEVICE\startup_xmc32s003.s

TIMER1_IRQHandler 00000012

Symbol: TIMER1_IRQHandler
   Definitions
      At line 224 in file DEVICE\startup_xmc32s003.s
   Uses
      At line 110 in file DEVICE\startup_xmc32s003.s
      At line 188 in file DEVICE\startup_xmc32s003.s

UART0_IRQHandler 00000012

Symbol: UART0_IRQHandler
   Definitions
      At line 215 in file DEVICE\startup_xmc32s003.s
   Uses
      At line 101 in file DEVICE\startup_xmc32s003.s
      At line 179 in file DEVICE\startup_xmc32s003.s

UART1_IRQHandler 00000012

Symbol: UART1_IRQHandler
   Definitions
      At line 216 in file DEVICE\startup_xmc32s003.s
   Uses
      At line 102 in file DEVICE\startup_xmc32s003.s
      At line 180 in file DEVICE\startup_xmc32s003.s

WWDT_IRQHandler 00000012

Symbol: WWDT_IRQHandler
   Definitions



ARM Macro Assembler    Page 5 Alphabetic symbol ordering
Relocatable symbols

      At line 231 in file DEVICE\startup_xmc32s003.s
   Uses
      At line 117 in file DEVICE\startup_xmc32s003.s
      At line 195 in file DEVICE\startup_xmc32s003.s

__user_initial_stackheap 00000014

Symbol: __user_initial_stackheap
   Definitions
      At line 263 in file DEVICE\startup_xmc32s003.s
   Uses
      At line 261 in file DEVICE\startup_xmc32s003.s
Comment: __user_initial_stackheap used once
28 symbols



ARM Macro Assembler    Page 1 Alphabetic symbol ordering
Absolute symbols

Heap_Size 00000200

Symbol: Heap_Size
   Definitions
      At line 57 in file DEVICE\startup_xmc32s003.s
   Uses
      At line 61 in file DEVICE\startup_xmc32s003.s
      At line 266 in file DEVICE\startup_xmc32s003.s

Stack_Size 00000200

Symbol: Stack_Size
   Definitions
      At line 46 in file DEVICE\startup_xmc32s003.s
   Uses
      At line 49 in file DEVICE\startup_xmc32s003.s
      At line 265 in file DEVICE\startup_xmc32s003.s

__Vectors_Size 000000C0

Symbol: __Vectors_Size
   Definitions
      At line 129 in file DEVICE\startup_xmc32s003.s
   Uses
      At line 74 in file DEVICE\startup_xmc32s003.s
Comment: __Vectors_Size used once
3 symbols



ARM Macro Assembler    Page 1 Alphabetic symbol ordering
External symbols

SystemInit 00000000

Symbol: SystemInit
   Definitions
      At line 138 in file DEVICE\startup_xmc32s003.s
   Uses
      At line 140 in file DEVICE\startup_xmc32s003.s
Comment: SystemInit used once
__main 00000000

Symbol: __main
   Definitions
      At line 139 in file DEVICE\startup_xmc32s003.s
   Uses
      At line 142 in file DEVICE\startup_xmc32s003.s
Comment: __main used once
__use_two_region_memory 00000000

Symbol: __use_two_region_memory
   Definitions
      At line 260 in file DEVICE\startup_xmc32s003.s
   Uses
      None
Comment: __use_two_region_memory unused
3 symbols
380 symbols in table
